feedback.html     http://outreach.vlabs.ac.in/
index.html     http://outreach.vlabs.ac.in/
objective.html     http://outreach.vlabs.ac.in/
performance-report.html     http://vlab.co.in
posttest.html     http://outreach.vlabs.ac.in/
pretest.html     http://outreach.vlabs.ac.in/
procedure.html     http://outreach.vlabs.ac.in/
references.html     http://www.mathworks.com/help/toolbox/images/f18-12508.html
references.html     http://en.wikipedia.org/wiki/Mathematical_morphology
references.html     http://outreach.vlabs.ac.in/
theory.html     http://outreach.vlabs.ac.in/
validator-report.html     http://vlab.co.in
assignment/Introduction.html     http://vlabs.ac.in/index.html
assignment/Introduction.html     http://vlabs.ac.in/index.html
assignment/Introduction.html     http://vlabs.ac.in/index.html#partner
assignment/Introduction.html     http://vlabs.ac.in/index.html#contact
assignment/Introduction.html     http://vlabs.ac.in/computer-science-and-engineering-labs.html
assignment/Introduction.html     http://www.sakshat.ac.in/
assignment/Introduction.html     http://outreach.vlabs.ac.in/
assignment/Introduction.html     http://vlab.co.in/faq
assignment/Prerequisites.html     http://vlabs.ac.in/index.html
assignment/Prerequisites.html     http://vlabs.ac.in/index.html
assignment/Prerequisites.html     http://vlabs.ac.in/index.html#partner
assignment/Prerequisites.html     http://vlabs.ac.in/index.html#contact
assignment/Prerequisites.html     http://vlabs.ac.in/computer-science-and-engineering-labs.html
assignment/Prerequisites.html     http://www.sakshat.ac.in/
assignment/Prerequisites.html     http://outreach.vlabs.ac.in/
assignment/Prerequisites.html     http://vlab.co.in/faq
assignment/content.html     http://virtual-labs.ac.in/feedback/?lab=cse19
assignment/content.html     http://www.sakshat.ac.in/
assignment/content.html     http://outreach.vlabs.ac.in/
assignment/content.html     http://vlab.co.in/faq
assignment/content.html     http://virtual-labs.ac.in/nmeict/
assignment/content.html     http://virtual-labs.ac.in/licensing/
assignment/default.html     http://www.sakshat.ac.in/
assignment/default.html     http://outreach.vlabs.ac.in/
assignment/default.html     http://vlab.co.in/faq
assignment/faq.html     http://vlabs.ac.in/index.html
assignment/faq.html     http://vlabs.ac.in/index.html
assignment/faq.html     http://vlabs.ac.in/index.html#partner
assignment/faq.html     http://vlabs.ac.in/index.html#contact
assignment/faq.html     http://vlabs.ac.in/
assignment/faq.html     http://vlabs.ac.in/pre-requisites.html
assignment/faq.html     http://vlabs-dev.vlabs.ac.in/community/contributing.html
assignment/faq.html     http://www.sakshat.ac.in/
assignment/faq.html     http://outreach.vlabs.ac.in/
assignment/faq.html     http://vlab.co.in/faq
assignment/template.html     http://vlabs.ac.in/index.html
assignment/template.html     http://vlabs.ac.in/index.html
assignment/template.html     http://vlabs.ac.in/index.html#partner
assignment/template.html     http://vlabs.ac.in/index.html#contact
assignment/template.html     http://www.sakshat.ac.in/
assignment/template.html     http://outreach.vlabs.ac.in/
assignment/template.html     http://vlab.co.in/faq
simulation/Introduction.html     http://vlabs.ac.in/index.html
simulation/Introduction.html     http://vlabs.ac.in/index.html
simulation/Introduction.html     http://vlabs.ac.in/index.html#partner
simulation/Introduction.html     http://vlabs.ac.in/index.html#contact
simulation/Introduction.html     http://vlabs.ac.in/computer-science-and-engineering-labs.html
simulation/Introduction.html     http://www.sakshat.ac.in/
simulation/Introduction.html     http://outreach.vlabs.ac.in/
simulation/Introduction.html     http://vlab.co.in/faq
simulation/Prerequisites.html     http://vlabs.ac.in/index.html
simulation/Prerequisites.html     http://vlabs.ac.in/index.html
simulation/Prerequisites.html     http://vlabs.ac.in/index.html#partner
simulation/Prerequisites.html     http://vlabs.ac.in/index.html#contact
simulation/Prerequisites.html     http://vlabs.ac.in/computer-science-and-engineering-labs.html
simulation/Prerequisites.html     http://www.sakshat.ac.in/
simulation/Prerequisites.html     http://outreach.vlabs.ac.in/
simulation/Prerequisites.html     http://vlab.co.in/faq
simulation/content.html     http://virtual-labs.ac.in/feedback/?lab=cse19
simulation/content.html     http://www.sakshat.ac.in/
simulation/content.html     http://outreach.vlabs.ac.in/
simulation/content.html     http://vlab.co.in/faq
simulation/content.html     http://virtual-labs.ac.in/nmeict/
simulation/content.html     http://virtual-labs.ac.in/licensing/
simulation/default.html     http://www.sakshat.ac.in/
simulation/default.html     http://outreach.vlabs.ac.in/
simulation/default.html     http://vlab.co.in/faq
simulation/faq.html     http://vlabs.ac.in/index.html
simulation/faq.html     http://vlabs.ac.in/index.html
simulation/faq.html     http://vlabs.ac.in/index.html#partner
simulation/faq.html     http://vlabs.ac.in/index.html#contact
simulation/faq.html     http://vlabs.ac.in/
simulation/faq.html     http://vlabs.ac.in/pre-requisites.html
simulation/faq.html     http://vlabs-dev.vlabs.ac.in/community/contributing.html
simulation/faq.html     http://www.sakshat.ac.in/
simulation/faq.html     http://outreach.vlabs.ac.in/
simulation/faq.html     http://vlab.co.in/faq
simulation/template.html     http://vlabs.ac.in/index.html
simulation/template.html     http://vlabs.ac.in/index.html
simulation/template.html     http://vlabs.ac.in/index.html#partner
simulation/template.html     http://vlabs.ac.in/index.html#contact
simulation/template.html     http://www.sakshat.ac.in/
simulation/template.html     http://outreach.vlabs.ac.in/
simulation/template.html     http://vlab.co.in/faq
assignment/morph/Assignment.html     http://vlabs.ac.in/index.html
assignment/morph/Assignment.html     http://vlab.co.in/
assignment/morph/Assignment.html     http://vlab.co.in/participating-institutes
assignment/morph/Assignment.html     http://vlab.co.in/contact-us
assignment/morph/Assignment.html     http://vlab.co.in/broad-area-computer-science-and-engineering
assignment/morph/Assignment.html     http://www.sakshat.ac.in/
assignment/morph/Assignment.html     http://outreach.vlabs.ac.in/
assignment/morph/Assignment.html     http://vlab.co.in/faq
assignment/morph/Experiment.html     http://vlabs.ac.in/index.html
assignment/morph/Experiment.html     http://vlab.co.in/
assignment/morph/Experiment.html     http://vlab.co.in/participating-institutes
assignment/morph/Experiment.html     http://vlab.co.in/contact-us
assignment/morph/Experiment.html     http://vlab.co.in/broad-area-computer-science-and-engineering
assignment/morph/Experiment.html     http://vlab.co.in/faq
assignment/morph/Experiment.html     http://outreach.vlabs.ac.in/
assignment/morph/Experiment.html     http://www.sakshat.ac.in/
assignment/morph/Feedback.html     http://vlab.co.in
assignment/morph/Feedback.html     http://vlab.co.in/
assignment/morph/Feedback.html     http://vlab.co.in/participating-institutes
assignment/morph/Feedback.html     http://vlab.co.in/contact-us
assignment/morph/Feedback.html     http://vlab.co.in/broad-area-computer-science-and-engineering
assignment/morph/Feedback.html     http://209.211.220.205/feedback/feedback.html
assignment/morph/Feedback.html     http://www.sakshat.ac.in/
assignment/morph/Feedback.html     http://outreach.vlabs.ac.in/
assignment/morph/Feedback.html     http://vlab.co.in/faq
assignment/morph/Introduction.html     http://vlabs.ac.in/index.html
assignment/morph/Introduction.html     http://vlab.co.in/
assignment/morph/Introduction.html     http://vlab.co.in/participating-institutes
assignment/morph/Introduction.html     http://vlab.co.in/contact-us
assignment/morph/Introduction.html     http://vlab.co.in/broad-area-computer-science-and-engineering
assignment/morph/Introduction.html     http://www.sakshat.ac.in/
assignment/morph/Introduction.html     http://outreach.vlabs.ac.in/
assignment/morph/Introduction.html     http://vlab.co.in/faq
assignment/morph/Objective.html     http://vlabs.ac.in/index.html
assignment/morph/Objective.html     http://vlab.co.in/
assignment/morph/Objective.html     http://vlab.co.in/participating-institutes
assignment/morph/Objective.html     http://vlab.co.in/contact-us
assignment/morph/Objective.html     http://vlab.co.in/broad-area-computer-science-and-engineering
assignment/morph/Objective.html     http://www.sakshat.ac.in/
assignment/morph/Objective.html     http://outreach.vlabs.ac.in/
assignment/morph/Objective.html     http://vlab.co.in/faq
assignment/morph/Procedure.html     http://vlabs.ac.in/index.html
assignment/morph/Procedure.html     http://vlab.co.in/
assignment/morph/Procedure.html     http://vlab.co.in/participating-institutes
assignment/morph/Procedure.html     http://vlab.co.in/contact-us
assignment/morph/Procedure.html     http://vlab.co.in/broad-area-computer-science-and-engineering
assignment/morph/Procedure.html     http://www.sakshat.ac.in/
assignment/morph/Procedure.html     http://outreach.vlabs.ac.in/
assignment/morph/Procedure.html     http://vlab.co.in/faq
assignment/morph/Quizzes.html     http://vlabs.ac.in/index.html
assignment/morph/Quizzes.html     http://vlab.co.in/
assignment/morph/Quizzes.html     http://vlab.co.in/participating-institutes
assignment/morph/Quizzes.html     http://vlab.co.in/contact-us
assignment/morph/Quizzes.html     http://vlab.co.in/broad-area-computer-science-and-engineering
assignment/morph/Quizzes.html     http://www.sakshat.ac.in/
assignment/morph/Quizzes.html     http://outreach.vlabs.ac.in/
assignment/morph/Quizzes.html     http://vlab.co.in/faq
assignment/morph/References.html     http://vlabs.ac.in/index.html
assignment/morph/References.html     http://vlab.co.in/
assignment/morph/References.html     http://vlab.co.in/participating-institutes
assignment/morph/References.html     http://vlab.co.in/contact-us
assignment/morph/References.html     http://vlab.co.in/broad-area-computer-science-and-engineering
assignment/morph/References.html     http://www.mathworks.com/help/toolbox/images/f18-12508.html
assignment/morph/References.html     http://en.wikipedia.org/wiki/Mathematical_morphology
assignment/morph/References.html     http://www.sakshat.ac.in/
assignment/morph/References.html     http://outreach.vlabs.ac.in/
assignment/morph/References.html     http://vlab.co.in/faq
assignment/morph/Theory.html     http://vlabs.ac.in/index.html
assignment/morph/Theory.html     http://vlab.co.in/
assignment/morph/Theory.html     http://vlab.co.in/participating-institutes
assignment/morph/Theory.html     http://vlab.co.in/contact-us
assignment/morph/Theory.html     http://vlab.co.in/broad-area-computer-science-and-engineering
assignment/morph/Theory.html     http://www.sakshat.ac.in/
assignment/morph/Theory.html     http://outreach.vlabs.ac.in/
assignment/morph/Theory.html     http://vlab.co.in/faq
assignment/morph/references.html     http://www.mathworks.com/help/toolbox/images/f18-12508.html
assignment/morph/references.html     http://en.wikipedia.org/wiki/Mathematical_morphology
simulation/morph/Assignment.html     http://vlabs.ac.in/index.html
simulation/morph/Assignment.html     http://vlab.co.in/
simulation/morph/Assignment.html     http://vlab.co.in/participating-institutes
simulation/morph/Assignment.html     http://vlab.co.in/contact-us
simulation/morph/Assignment.html     http://vlab.co.in/broad-area-computer-science-and-engineering
simulation/morph/Assignment.html     http://www.sakshat.ac.in/
simulation/morph/Assignment.html     http://outreach.vlabs.ac.in/
simulation/morph/Assignment.html     http://vlab.co.in/faq
simulation/morph/Experiment.html     http://vlabs.ac.in/index.html
simulation/morph/Experiment.html     http://vlab.co.in/
simulation/morph/Experiment.html     http://vlab.co.in/participating-institutes
simulation/morph/Experiment.html     http://vlab.co.in/contact-us
simulation/morph/Experiment.html     http://vlab.co.in/broad-area-computer-science-and-engineering
simulation/morph/Experiment.html     http://www.sakshat.ac.in/
simulation/morph/Experiment.html     http://outreach.vlabs.ac.in/
simulation/morph/Experiment.html     http://vlab.co.in/faq
simulation/morph/Feedback.html     http://vlab.co.in
simulation/morph/Feedback.html     http://vlab.co.in/
simulation/morph/Feedback.html     http://vlab.co.in/participating-institutes
simulation/morph/Feedback.html     http://vlab.co.in/contact-us
simulation/morph/Feedback.html     http://vlab.co.in/broad-area-computer-science-and-engineering
simulation/morph/Feedback.html     http://209.211.220.205/feedback/feedback.html
simulation/morph/Feedback.html     http://www.sakshat.ac.in/
simulation/morph/Feedback.html     http://outreach.vlabs.ac.in/
simulation/morph/Feedback.html     http://vlab.co.in/faq
simulation/morph/Introduction.html     http://vlabs.ac.in/index.html
simulation/morph/Introduction.html     http://vlab.co.in/
simulation/morph/Introduction.html     http://vlab.co.in/participating-institutes
simulation/morph/Introduction.html     http://vlab.co.in/contact-us
simulation/morph/Introduction.html     http://vlab.co.in/broad-area-computer-science-and-engineering
simulation/morph/Introduction.html     http://www.sakshat.ac.in/
simulation/morph/Introduction.html     http://outreach.vlabs.ac.in/
simulation/morph/Introduction.html     http://vlab.co.in/faq
simulation/morph/Objective.html     http://vlabs.ac.in/index.html
simulation/morph/Objective.html     http://vlab.co.in/
simulation/morph/Objective.html     http://vlab.co.in/participating-institutes
simulation/morph/Objective.html     http://vlab.co.in/contact-us
simulation/morph/Objective.html     http://vlab.co.in/broad-area-computer-science-and-engineering
simulation/morph/Objective.html     http://www.sakshat.ac.in/
simulation/morph/Objective.html     http://outreach.vlabs.ac.in/
simulation/morph/Objective.html     http://vlab.co.in/faq
simulation/morph/Procedure.html     http://vlabs.ac.in/index.html
simulation/morph/Procedure.html     http://vlab.co.in/
simulation/morph/Procedure.html     http://vlab.co.in/participating-institutes
simulation/morph/Procedure.html     http://vlab.co.in/contact-us
simulation/morph/Procedure.html     http://vlab.co.in/broad-area-computer-science-and-engineering
simulation/morph/Procedure.html     http://www.sakshat.ac.in/
simulation/morph/Procedure.html     http://outreach.vlabs.ac.in/
simulation/morph/Procedure.html     http://vlab.co.in/faq
simulation/morph/Quizzes.html     http://vlabs.ac.in/index.html
simulation/morph/Quizzes.html     http://vlab.co.in/
simulation/morph/Quizzes.html     http://vlab.co.in/participating-institutes
simulation/morph/Quizzes.html     http://vlab.co.in/contact-us
simulation/morph/Quizzes.html     http://vlab.co.in/broad-area-computer-science-and-engineering
simulation/morph/Quizzes.html     http://www.sakshat.ac.in/
simulation/morph/Quizzes.html     http://outreach.vlabs.ac.in/
simulation/morph/Quizzes.html     http://vlab.co.in/faq
simulation/morph/References.html     http://vlabs.ac.in/index.html
simulation/morph/References.html     http://vlab.co.in/
simulation/morph/References.html     http://vlab.co.in/participating-institutes
simulation/morph/References.html     http://vlab.co.in/contact-us
simulation/morph/References.html     http://vlab.co.in/broad-area-computer-science-and-engineering
simulation/morph/References.html     http://www.mathworks.com/help/toolbox/images/f18-12508.html
simulation/morph/References.html     http://en.wikipedia.org/wiki/Mathematical_morphology
simulation/morph/References.html     http://www.sakshat.ac.in/
simulation/morph/References.html     http://outreach.vlabs.ac.in/
simulation/morph/References.html     http://vlab.co.in/faq
simulation/morph/Theory.html     http://vlabs.ac.in/index.html
simulation/morph/Theory.html     http://vlab.co.in/
simulation/morph/Theory.html     http://vlab.co.in/participating-institutes
simulation/morph/Theory.html     http://vlab.co.in/contact-us
simulation/morph/Theory.html     http://vlab.co.in/broad-area-computer-science-and-engineering
simulation/morph/Theory.html     http://www.sakshat.ac.in/
simulation/morph/Theory.html     http://outreach.vlabs.ac.in/
simulation/morph/Theory.html     http://vlab.co.in/faq
simulation/morph/references.html     http://www.mathworks.com/help/toolbox/images/f18-12508.html
simulation/morph/references.html     http://en.wikipedia.org/wiki/Mathematical_morphology
